<?xml version="1.0" encoding="UTF-8"?>
<!-- Generated by org.testng.reporters.JUnitReportReporter -->
<testsuite skipped="0" hostname="Pradeeps-MacBook-Pro.local" name="com.udemy.java.test.DriverTest" tests="1" failures="0" timestamp="29 Jun 2020 00:18:34 GMT" time="1.357" errors="0">
  <testcase name="googleTest" time="1.357" classname="com.udemy.java.test.DriverTest"/>
</testsuite> <!-- com.udemy.java.test.DriverTest -->
