<?xml version="1.0" encoding="UTF-8"?>
<!-- Generated by org.testng.reporters.JUnitReportReporter -->
<testsuite skipped="0" hostname="Pradeeps-MacBook-Pro.local" name="com.udemy.DriverTest" tests="1" failures="0" timestamp="30 Jun 2020 05:36:49 GMT" time="1.189" errors="0">
  <testcase name="googleTest" time="1.189" classname="com.udemy.DriverTest"/>
</testsuite> <!-- com.udemy.DriverTest -->
